# JRE version: OpenJDK Runtime Environment (21.0.10) (build 21.0.10+-14961533-b1163.108)
# Java VM: OpenJDK 64-Bit Server VM (21.0.10+-14961533-b1163.108, mixed mode, tiered, compressed oops, compressed class ptrs, g1 gc, windows-amd64)
GC Precious Log:
 CardTable entry size: 512
 Card Set container configuration: InlinePtr #cards 5 size 8 Array Of Cards #cards 12 size 40 Howl #buckets 4 coarsen threshold 1843 Howl Bitmap #cards 512 size 80 coarsen threshold 460 Card regions per heap region 1 cards per card region 2048
 CPUs: 8 total, 8 available
 Memory: 7418M
 Large Page Support: Disabled
 NUMA Support: Disabled
 Compressed Oops: Enabled (32-bit)
 Heap Region Size: 1M
 Heap Min Capacity: 8M
 Heap Initial Capacity: 116M
 Heap Max Capacity: 1856M
 Pre-touch: Disabled
 Parallel Workers: 8
 Concurrent Workers: 2
 Concurrent Refinement Workers: 8
 Periodic GC: Disabled
Heap:
 garbage-first heap   total 132096K, used 105514K [0x000000008c000000, 0x0000000100000000)
  region size 1024K, 28 young (28672K), 3 survivors (3072K)
 Metaspace       used 68358K, committed 68736K, reserved 1114112K
  class space    used 7611K, committed 7808K, reserved 1048576K
GC Heap History (20 events):
Event: 55.802 GC heap before
{Heap before GC invocations=20 (full 0):
 garbage-first heap   total 55296K, used 44553K [0x000000008c000000, 0x0000000100000000)
  region size 1024K, 15 young (15360K), 3 survivors (3072K)
 Metaspace       used 52663K, committed 52992K, reserved 1114112K
  class space    used 6206K, committed 6336K, reserved 1048576K
}
Event: 55.815 GC heap after
{Heap after GC invocations=21 (full 0):
 garbage-first heap   total 55296K, used 36864K [0x000000008c000000, 0x0000000100000000)
  region size 1024K, 2 young (2048K), 2 survivors (2048K)
 Metaspace       used 52663K, committed 52992K, reserved 1114112K
  class space    used 6206K, committed 6336K, reserved 1048576K
}
Event: 55.937 GC heap before
{Heap before GC invocations=21 (full 0):
 garbage-first heap   total 55296K, used 46080K [0x000000008c000000, 0x0000000100000000)
  region size 1024K, 12 young (12288K), 2 survivors (2048K)
 Metaspace       used 52667K, committed 52992K, reserved 1114112K
  class space    used 6206K, committed 6336K, reserved 1048576K
}
Event: 55.954 GC heap after
{Heap after GC invocations=22 (full 0):
 garbage-first heap   total 55296K, used 40401K [0x000000008c000000, 0x0000000100000000)
  region size 1024K, 2 young (2048K), 2 survivors (2048K)
 Metaspace       used 52667K, committed 52992K, reserved 1114112K
  class space    used 6206K, committed 6336K, reserved 1048576K
}
Event: 56.417 GC heap before
{Heap before GC invocations=22 (full 0):
 garbage-first heap   total 55296K, used 47569K [0x000000008c000000, 0x0000000100000000)
  region size 1024K, 9 young (9216K), 2 survivors (2048K)
 Metaspace       used 52830K, committed 53120K, reserved 1114112K
  class space    used 6217K, committed 6336K, reserved 1048576K
}
Event: 56.431 GC heap after
{Heap after GC invocations=23 (full 0):
 garbage-first heap   total 101376K, used 43008K [0x000000008c000000, 0x0000000100000000)
  region size 1024K, 2 young (2048K), 2 survivors (2048K)
 Metaspace       used 52830K, committed 53120K, reserved 1114112K
  class space    used 6217K, committed 6336K, reserved 1048576K
}
Event: 63.018 GC heap before
{Heap before GC invocations=24 (full 0):
 garbage-first heap   total 101376K, used 76800K [0x000000008c000000, 0x0000000100000000)
  region size 1024K, 36 young (36864K), 2 survivors (2048K)
 Metaspace       used 55848K, committed 56192K, reserved 1114112K
  class space    used 6578K, committed 6720K, reserved 1048576K
}
Event: 63.064 GC heap after
{Heap after GC invocations=25 (full 0):
 garbage-first heap   total 101376K, used 49990K [0x000000008c000000, 0x0000000100000000)
  region size 1024K, 5 young (5120K), 5 survivors (5120K)
 Metaspace       used 55848K, committed 56192K, reserved 1114112K
  class space    used 6578K, committed 6720K, reserved 1048576K
}
Event: 69.824 GC heap before
{Heap before GC invocations=25 (full 0):
 garbage-first heap   total 101376K, used 81734K [0x000000008c000000, 0x0000000100000000)
  region size 1024K, 36 young (36864K), 5 survivors (5120K)
 Metaspace       used 56783K, committed 57088K, reserved 1114112K
  class space    used 6633K, committed 6720K, reserved 1048576K
}
Event: 69.876 GC heap after
{Heap after GC invocations=26 (full 0):
 garbage-first heap   total 101376K, used 60416K [0x000000008c000000, 0x0000000100000000)
  region size 1024K, 5 young (5120K), 5 survivors (5120K)
 Metaspace       used 56783K, committed 57088K, reserved 1114112K
  class space    used 6633K, committed 6720K, reserved 1048576K
}
Event: 74.882 GC heap before
{Heap before GC invocations=26 (full 0):
 garbage-first heap   total 101376K, used 83968K [0x000000008c000000, 0x0000000100000000)
  region size 1024K, 28 young (28672K), 5 survivors (5120K)
 Metaspace       used 57839K, committed 58112K, reserved 1114112K
  class space    used 6666K, committed 6784K, reserved 1048576K
}
Event: 74.919 GC heap after
{Heap after GC invocations=27 (full 0):
 garbage-first heap   total 101376K, used 65024K [0x000000008c000000, 0x0000000100000000)
  region size 1024K, 4 young (4096K), 4 survivors (4096K)
 Metaspace       used 57839K, committed 58112K, reserved 1114112K
  class space    used 6666K, committed 6784K, reserved 1048576K
}
Event: 83.648 GC heap before
{Heap before GC invocations=28 (full 0):
 garbage-first heap   total 109568K, used 85504K [0x000000008c000000, 0x0000000100000000)
  region size 1024K, 25 young (25600K), 4 survivors (4096K)
 Metaspace       used 61103K, committed 61504K, reserved 1114112K
  class space    used 6988K, committed 7168K, reserved 1048576K
}
Event: 83.677 GC heap after
{Heap after GC invocations=29 (full 0):
 garbage-first heap   total 109568K, used 68521K [0x000000008c000000, 0x0000000100000000)
  region size 1024K, 4 young (4096K), 4 survivors (4096K)
 Metaspace       used 61103K, committed 61504K, reserved 1114112K
  class space    used 6988K, committed 7168K, reserved 1048576K
}
Event: 86.177 GC heap before
{Heap before GC invocations=29 (full 0):
 garbage-first heap   total 109568K, used 92073K [0x000000008c000000, 0x0000000100000000)
  region size 1024K, 27 young (27648K), 4 survivors (4096K)
 Metaspace       used 61613K, committed 62016K, reserved 1114112K
  class space    used 7028K, committed 7232K, reserved 1048576K
}
Event: 86.201 GC heap after
{Heap after GC invocations=30 (full 0):
 garbage-first heap   total 109568K, used 73216K [0x000000008c000000, 0x0000000100000000)
  region size 1024K, 4 young (4096K), 4 survivors (4096K)
 Metaspace       used 61613K, committed 62016K, reserved 1114112K
  class space    used 7028K, committed 7232K, reserved 1048576K
}
Event: 88.252 GC heap before
{Heap before GC invocations=30 (full 0):
 garbage-first heap   total 109568K, used 94720K [0x000000008c000000, 0x0000000100000000)
  region size 1024K, 25 young (25600K), 4 survivors (4096K)
 Metaspace       used 61981K, committed 62336K, reserved 1114112K
  class space    used 7037K, committed 7232K, reserved 1048576K
}
Event: 88.282 GC heap after
{Heap after GC invocations=31 (full 0):
 garbage-first heap   total 109568K, used 78287K [0x000000008c000000, 0x0000000100000000)
  region size 1024K, 4 young (4096K), 4 survivors (4096K)
 Metaspace       used 61981K, committed 62336K, reserved 1114112K
  class space    used 7037K, committed 7232K, reserved 1048576K
}
Event: 92.669 GC heap before
{Heap before GC invocations=32 (full 0):
 garbage-first heap   total 132096K, used 96719K [0x000000008c000000, 0x0000000100000000)
  region size 1024K, 23 young (23552K), 4 survivors (4096K)
 Metaspace       used 65966K, committed 66304K, reserved 1114112K
  class space    used 7393K, committed 7552K, reserved 1048576K
}
Event: 92.684 GC heap after
{Heap after GC invocations=33 (full 0):
 garbage-first heap   total 132096K, used 80938K [0x000000008c000000, 0x0000000100000000)
  region size 1024K, 3 young (3072K), 3 survivors (3072K)
 Metaspace       used 65966K, committed 66304K, reserved 1114112K
  class space    used 7393K, committed 7552K, reserved 1048576K
}

